todo.xpm choice-no.xpm
todo.xpm choice-yes.xpm
gnu.xpm gnome.xpm
colors.xpm graphics.xpm
todo.xpm linux.xpm
cd-player.xpm music.xpm
todo.xpm quit.xpm
todo.xpm refresh.xpm
todo.xpm restart.xpm
window.xpm window-close.xpm
window-close.xpm window-delete.xpm
window-close.xpm window-destroy.xpm
window.xpm window-iconify.xpm
window.xpm window-lower.xpm
window.xpm window-maximize.xpm
window.xpm window-move.xpm
window.xpm window-raise.xpm
window.xpm window-resize.xpm
window.xpm window-shade.xpm
window.xpm window-stick.xpm
image-viewer.xpm xv.xpm
