sound.xpm cd-player.xpm
utility.xpm clock.xpm
utility.xpm developement.xpm
todo.xpm disk.xpm
disk.xpm disk-cd.xpm
disk.xpm disk-floppy.xpm
terminal.xpm display.xpm
item.xpm file.xpm
file-manager.xpm folder.xpm
folder.xpm folder-open.xpm
game.xpm game-cards.xpm
image-processor.xpm gimp.xpm
gnu.xpm gnome.xpm
todo.xpm gnu.xpm
information.xpm help.xpm
window-stick.xpm information.xpm
todo.xpm kde.xpm
todo.xpm keyboard.xpm
todo.xpm linux.xpm
item.xpm modules.xpm
todo.xpm mouse.xpm
sound.xpm multimedia.xpm
sound.xpm music.xpm
utility.xpm programs.xpm
todo.xpm quit.xpm
todo.xpm refresh.xpm
monitoring.xpm sound.xpm
configuration.xpm themes.xpm
multimedia.xpm video.xpm
choice-no.xpm window-close.xpm
window-close.xpm window-delete.xpm
window-resize.xpm window-iconify.xpm
windows.xpm window-lower.xpm
window-resize.xpm window-maximize.xpm
windows.xpm window-move.xpm
windows.xpm window-raise.xpm
window.xpm window-shade.xpm
editor.xpm word-processor.xpm
image-viewer.xpm xv.xpm
