amusement
calculator
cd-player
chat
choice-no
choice-yes
clock
colors
configuration
developement
disk
disk-cd
disk-floppy
display
editor
empty
file
file-manager
folder
folder-open
font
game
game-action
game-board
game-cards
game-logic
ghostview
gimp
gnome
gnu
graphics
help
home
image-processor
image-viewer
information
item
kde
keyboard
linux
lock
mail
modules
monitoring
mouse
multimedia
music
netscape
network
news
printing
programs
quit
refresh
restart
science
sound
system
terminal
terminal-remote
terminal-special
themes
todo
unknown
utility
video
viewer
window
window-close
window-delete
window-destroy
window-iconify
window-identify
window-lower
window-maximize
window-move
window-raise
window-resize
window-shade
window-stick
windows
word-processor
www
xv
