multimedia.xpm cd-player.xpm
todo.xpm choice-no.xpm
todo.xpm choice-yes.xpm
utility.xpm developement.xpm
todo.xpm disk.xpm
disk.xpm disk-cd.xpm
disk.xpm disk-floppy.xpm
todo.xpm display.xpm
item.xpm file.xpm
file-manager.xpm folder.xpm
folder.xpm folder-open.xpm
amusement.xpm game-cards.xpm
image-processor.xpm gimp.xpm
gnu.xpm gnome.xpm
todo.xpm gnu.xpm
colors.xpm graphics.xpm
window-identify.xpm help.xpm
todo.xpm item.xpm
todo.xpm kde.xpm
todo.xpm linux.xpm
item.xpm modules.xpm
todo.xpm mouse.xpm
sound.xpm music.xpm
utility.xpm programs.xpm
todo.xpm refresh.xpm
multimedia.xpm sound.xpm
multimedia.xpm video.xpm
terminal.xpm window.xpm
window-resize.xpm window-close.xpm
window-close.xpm window-delete.xpm
window-close.xpm window-destroy.xpm
window-resize.xpm window-iconify.xpm
windows.xpm window-lower.xpm
window-resize.xpm window-maximize.xpm
windows.xpm window-move.xpm
windows.xpm window-raise.xpm
window.xpm window-shade.xpm
editor.xpm word-processor.xpm
network.xpm www.xpm
